2024-05-01 05:33:40 Loading main app package /usr/lib/obsidian/obsidian.asar
2024-05-01 05:33:40 Checking for update using Github
2024-05-01 05:33:41 Success.
2024-05-01 05:33:41 Latest version is 1.5.12
2024-05-01 05:33:41 App is up to date.
2024-05-03 14:12:21 Loading main app package /usr/lib/obsidian/obsidian.asar
2024-05-03 14:12:21 Checking for update using Github
2024-05-03 14:12:21 Success.
2024-05-03 14:12:21 Latest version is 1.5.12
2024-05-03 14:12:21 App is up to date.
2024-05-04 11:53:23 Loading main app package /usr/lib/obsidian/obsidian.asar
2024-05-04 11:53:23 Checking for update using Github
2024-05-04 11:53:24 Success.
2024-05-04 11:53:24 Latest version is 1.5.12
2024-05-04 11:53:24 App is up to date.
2024-05-04 12:53:23 Checking for update using Github
2024-05-04 12:53:23 Success.
2024-05-04 12:53:23 Latest version is 1.5.12
2024-05-04 12:53:23 App is up to date.
2024-05-04 13:53:23 Checking for update using Github
2024-05-04 13:53:23 Success.
2024-05-04 13:53:23 Latest version is 1.5.12
2024-05-04 13:53:23 App is up to date.
2024-05-05 11:47:20 Checking for update using Github
2024-05-05 11:47:21 Success.
2024-05-05 11:47:21 Latest version is 1.5.12
2024-05-05 11:47:21 App is up to date.
2024-05-05 12:47:20 Checking for update using Github
2024-05-05 12:47:21 Success.
2024-05-05 12:47:21 Latest version is 1.5.12
2024-05-05 12:47:21 App is up to date.
2024-05-07 09:49:23 Loading main app package /usr/lib/obsidian/obsidian.asar
2024-05-07 09:49:23 Checking for update using Github
2024-05-07 09:49:23 Success.
2024-05-07 09:49:23 Latest version is 1.5.12
2024-05-07 09:49:23 App is up to date.
2024-05-07 10:49:23 Checking for update using Github
2024-05-07 10:49:23 Success.
2024-05-07 10:49:23 Latest version is 1.5.12
2024-05-07 10:49:23 App is up to date.
2024-05-07 15:13:22 Loading main app package /usr/lib/obsidian/obsidian.asar
2024-05-07 15:13:22 Checking for update using Github
2024-05-07 15:13:23 Success.
2024-05-07 15:13:23 Latest version is 1.5.12
2024-05-07 15:13:23 App is up to date.
2024-05-07 16:13:22 Checking for update using Github
2024-05-07 16:13:22 Success.
2024-05-07 16:13:22 Latest version is 1.5.12
2024-05-07 16:13:22 App is up to date.
2024-05-11 12:50:44 Loading main app package /usr/lib/obsidian/obsidian.asar
2024-05-11 12:50:44 Checking for update using Github
2024-05-11 12:50:44 Success.
2024-05-11 12:50:44 Latest version is 1.5.12
2024-05-11 12:50:44 App is up to date.
2024-05-11 15:53:13 Loading main app package /usr/lib/obsidian/obsidian.asar
2024-05-11 15:53:14 Checking for update using Github
2024-05-11 15:53:14 Success.
2024-05-11 15:53:14 Latest version is 1.5.12
2024-05-11 15:53:14 App is up to date.
2024-05-11 16:53:14 Checking for update using Github
2024-05-11 16:53:14 Success.
2024-05-11 16:53:14 Latest version is 1.5.12
2024-05-11 16:53:14 App is up to date.
2024-05-28 11:56:25 Loading main app package /usr/lib/obsidian/obsidian.asar
2024-05-28 11:56:25 Checking for update using Github
2024-05-28 11:56:26 Success.
2024-05-28 11:56:26 Latest version is 1.5.12
2024-05-28 11:56:26 App is up to date.
2024-05-28 11:56:52 Loading main app package /usr/lib/obsidian/obsidian.asar
2024-05-28 11:56:52 Checking for update using Github
2024-05-28 11:56:52 Success.
2024-05-28 11:56:52 Latest version is 1.5.12
2024-05-28 11:56:52 App is up to date.
2024-06-08 10:54:31 Loading main app package /usr/lib/obsidian/obsidian.asar
2024-06-08 10:54:31 Checking for update using Github
2024-06-08 10:54:32 Success.
2024-06-08 10:54:32 Latest version is 1.6.2
2024-06-08 10:54:32 Downloading update from https://github.com/obsidianmd/obsidian-releases/releases/download/v1.6.2/obsidian-1.6.2.asar.gz
2024-06-08 10:54:37 Verifying hash & signature. Size= 8794467
2024-06-08 10:54:37 Saving file
2024-06-08 10:54:37 Update complete.
2024-06-08 10:55:00 Loading updated app package /home/radtop/.config/obsidian/obsidian-1.6.2.asar
2024-06-08 10:55:00 Checking for update using Github
2024-06-08 10:55:00 Success.
2024-06-08 10:55:00 Latest version is 1.6.2
2024-06-08 10:55:00 App is up to date.
2024-06-08 10:56:23 Loading updated app package /home/radtop/.config/obsidian/obsidian-1.6.2.asar
2024-06-08 10:56:23 Checking for update using Github
2024-06-08 10:56:24 Success.
2024-06-08 10:56:24 Latest version is 1.6.2
2024-06-08 10:56:24 App is up to date.
2024-06-08 10:57:40 Loading updated app package /home/radtop/.config/obsidian/obsidian-1.6.2.asar
2024-06-08 10:57:40 Checking for update using Github
2024-06-08 10:57:40 Success.
2024-06-08 10:57:40 Latest version is 1.6.2
2024-06-08 10:57:40 App is up to date.
